<?xml version="1.0" encoding="UTF-8"?>
<testsuites>
<testsuite timestamp="2026-07-14T17:19:13" hostname="Harshas-MacBook-Air.local" package="axi4lite" id="0" name="cover" tests="61" errors="0" failures="0" time="0" skipped="44">
<properties>
<property name="os" value="Darwin"/>
<property name="expect" value="PASS"/>
<property name="status" value="PASS"/>
</properties>
<testcase classname="cover" name="build execution" time="0">
</testcase>
<testcase classname="cover" name="Property ASSERT in axi4lite_formal at axi4lite_formal.sv:101.13-101.34" time="0" type="ASSERT" location="axi4lite_formal.sv:101.13-101.34" id="_witness_.check_assert_axi4lite_formal_sv_101_31">
<skipped />
</testcase>
<testcase classname="cover" name="Property ASSERT in axi4lite_formal at axi4lite_formal.sv:102.13-102.34" time="0" type="ASSERT" location="axi4lite_formal.sv:102.13-102.34" id="_witness_.check_assert_axi4lite_formal_sv_102_33">
<skipped />
</testcase>
<testcase classname="cover" name="Property COVER in axi4lite_formal at axi4lite_formal.sv:106.9-106.39" time="0" type="COVER" location="axi4lite_formal.sv:106.9-106.39" id="_witness_.check_cover_axi4lite_formal_sv_106_35" tracefile="engine_0/trace0.vcd">
</testcase>
<testcase classname="cover" name="Property ASSERT in axi4lite_formal/dut/functional_properties at axi4lite_functional.sv:228.13-228.53" time="0" type="ASSERT" location="axi4lite_functional.sv:228.13-228.53" id="_witness_.check_assert_axi4lite_functional_sv_228_365">
<skipped />
</testcase>
<testcase classname="cover" name="Property ASSERT in axi4lite_formal/dut/functional_properties at axi4lite_functional.sv:229.13-229.52" time="0" type="ASSERT" location="axi4lite_functional.sv:229.13-229.52" id="_witness_.check_assert_axi4lite_functional_sv_229_367">
<skipped />
</testcase>
<testcase classname="cover" name="Property ASSERT in axi4lite_formal/dut/functional_properties at axi4lite_functional.sv:230.13-230.51" time="0" type="ASSERT" location="axi4lite_functional.sv:230.13-230.51" id="_witness_.check_assert_axi4lite_functional_sv_230_369">
<skipped />
</testcase>
<testcase classname="cover" name="Property ASSERT in axi4lite_formal/dut/functional_properties at axi4lite_functional.sv:231.13-231.51" time="0" type="ASSERT" location="axi4lite_functional.sv:231.13-231.51" id="_witness_.check_assert_axi4lite_functional_sv_231_371">
<skipped />
</testcase>
<testcase classname="cover" name="Property ASSERT in axi4lite_formal/dut/functional_properties at axi4lite_functional.sv:236.21-236.52" time="0" type="ASSERT" location="axi4lite_functional.sv:236.21-236.52" id="_witness_.check_assert_axi4lite_functional_sv_236_376">
<skipped />
</testcase>
<testcase classname="cover" name="Property ASSERT in axi4lite_formal/dut/functional_properties at axi4lite_functional.sv:238.21-238.54" time="0" type="ASSERT" location="axi4lite_functional.sv:238.21-238.54" id="_witness_.check_assert_axi4lite_functional_sv_238_378">
<skipped />
</testcase>
<testcase classname="cover" name="Property ASSERT in axi4lite_formal/dut/functional_properties at axi4lite_functional.sv:243.17-243.44" time="0" type="ASSERT" location="axi4lite_functional.sv:243.17-243.44" id="_witness_.check_assert_axi4lite_functional_sv_243_380">
<skipped />
</testcase>
<testcase classname="cover" name="Property ASSERT in axi4lite_formal/dut/functional_properties at axi4lite_functional.sv:244.17-244.58" time="0" type="ASSERT" location="axi4lite_functional.sv:244.17-244.58" id="_witness_.check_assert_axi4lite_functional_sv_244_381">
<skipped />
</testcase>
<testcase classname="cover" name="Property ASSERT in axi4lite_formal/dut/functional_properties at axi4lite_functional.sv:245.17-245.58" time="0" type="ASSERT" location="axi4lite_functional.sv:245.17-245.58" id="_witness_.check_assert_axi4lite_functional_sv_245_383">
<skipped />
</testcase>
<testcase classname="cover" name="Property ASSERT in axi4lite_formal/dut/functional_properties at axi4lite_functional.sv:249.17-249.37" time="0" type="ASSERT" location="axi4lite_functional.sv:249.17-249.37" id="_witness_.check_assert_axi4lite_functional_sv_249_385">
<skipped />
</testcase>
<testcase classname="cover" name="Property ASSERT in axi4lite_formal/dut/functional_properties at axi4lite_functional.sv:254.13-254.53" time="0" type="ASSERT" location="axi4lite_functional.sv:254.13-254.53" id="_witness_.check_assert_axi4lite_functional_sv_254_388">
<skipped />
</testcase>
<testcase classname="cover" name="Property ASSERT in axi4lite_formal/dut/functional_properties at axi4lite_functional.sv:255.13-255.53" time="0" type="ASSERT" location="axi4lite_functional.sv:255.13-255.53" id="_witness_.check_assert_axi4lite_functional_sv_255_390">
<skipped />
</testcase>
<testcase classname="cover" name="Property ASSERT in axi4lite_formal/dut/functional_properties at axi4lite_functional.sv:256.13-256.53" time="0" type="ASSERT" location="axi4lite_functional.sv:256.13-256.53" id="_witness_.check_assert_axi4lite_functional_sv_256_392">
<skipped />
</testcase>
<testcase classname="cover" name="Property ASSERT in axi4lite_formal/dut/functional_properties at axi4lite_functional.sv:257.13-257.53" time="0" type="ASSERT" location="axi4lite_functional.sv:257.13-257.53" id="_witness_.check_assert_axi4lite_functional_sv_257_394">
<skipped />
</testcase>
<testcase classname="cover" name="Property ASSERT in axi4lite_formal/dut/functional_properties at axi4lite_functional.sv:259.13-259.34" time="0" type="ASSERT" location="axi4lite_functional.sv:259.13-259.34" id="_witness_.check_assert_axi4lite_functional_sv_259_396">
<skipped />
</testcase>
<testcase classname="cover" name="Property ASSERT in axi4lite_formal/dut/functional_properties at axi4lite_functional.sv:260.13-260.34" time="0" type="ASSERT" location="axi4lite_functional.sv:260.13-260.34" id="_witness_.check_assert_axi4lite_functional_sv_260_398">
<skipped />
</testcase>
<testcase classname="cover" name="Property ASSERT in axi4lite_formal/properties at axi4lite_properties.sv:128.21-128.41" time="0" type="ASSERT" location="axi4lite_properties.sv:128.21-128.41" id="_witness_.check_assert_axi4lite_properties_sv_128_89">
<skipped />
</testcase>
<testcase classname="cover" name="Property ASSERT in axi4lite_formal/properties at axi4lite_properties.sv:129.21-129.62" time="0" type="ASSERT" location="axi4lite_properties.sv:129.21-129.62" id="_witness_.check_assert_axi4lite_properties_sv_129_90">
<skipped />
</testcase>
<testcase classname="cover" name="Property ASSERT in axi4lite_formal/properties at axi4lite_properties.sv:134.21-134.41" time="0" type="ASSERT" location="axi4lite_properties.sv:134.21-134.41" id="_witness_.check_assert_axi4lite_properties_sv_134_92">
<skipped />
</testcase>
<testcase classname="cover" name="Property ASSERT in axi4lite_formal/properties at axi4lite_properties.sv:135.21-135.62" time="0" type="ASSERT" location="axi4lite_properties.sv:135.21-135.62" id="_witness_.check_assert_axi4lite_properties_sv_135_93">
<skipped />
</testcase>
<testcase classname="cover" name="Property ASSERT in axi4lite_formal/properties at axi4lite_properties.sv:136.21-136.62" time="0" type="ASSERT" location="axi4lite_properties.sv:136.21-136.62" id="_witness_.check_assert_axi4lite_properties_sv_136_95">
<skipped />
</testcase>
<testcase classname="cover" name="Property ASSERT in axi4lite_formal/properties at axi4lite_properties.sv:148.13-148.41" time="0" type="ASSERT" location="axi4lite_properties.sv:148.13-148.41" id="_witness_.check_assert_axi4lite_properties_sv_148_97">
<skipped />
</testcase>
<testcase classname="cover" name="Property ASSERT in axi4lite_formal/properties at axi4lite_properties.sv:151.13-151.65" time="0" type="ASSERT" location="axi4lite_properties.sv:151.13-151.65" id="_witness_.check_assert_axi4lite_properties_sv_151_100">
<skipped />
</testcase>
<testcase classname="cover" name="Property ASSERT in axi4lite_formal/properties at axi4lite_properties.sv:155.17-155.33" time="0" type="ASSERT" location="axi4lite_properties.sv:155.17-155.33" id="_witness_.check_assert_axi4lite_properties_sv_155_104">
<skipped />
</testcase>
<testcase classname="cover" name="Property ASSERT in axi4lite_formal/properties at axi4lite_properties.sv:159.17-159.32" time="0" type="ASSERT" location="axi4lite_properties.sv:159.17-159.32" id="_witness_.check_assert_axi4lite_properties_sv_159_106">
<skipped />
</testcase>
<testcase classname="cover" name="Property ASSERT in axi4lite_formal/properties at axi4lite_properties.sv:163.17-163.33" time="0" type="ASSERT" location="axi4lite_properties.sv:163.17-163.33" id="_witness_.check_assert_axi4lite_properties_sv_163_108">
<skipped />
</testcase>
<testcase classname="cover" name="Property ASSERT in axi4lite_formal/properties at axi4lite_properties.sv:164.17-164.32" time="0" type="ASSERT" location="axi4lite_properties.sv:164.17-164.32" id="_witness_.check_assert_axi4lite_properties_sv_164_110">
<skipped />
</testcase>
<testcase classname="cover" name="Property ASSERT in axi4lite_formal/properties at axi4lite_properties.sv:176.17-176.43" time="0" type="ASSERT" location="axi4lite_properties.sv:176.17-176.43" id="_witness_.check_assert_axi4lite_properties_sv_176_112">
<skipped />
</testcase>
<testcase classname="cover" name="Property ASSERT in axi4lite_formal/properties at axi4lite_properties.sv:182.17-182.44" time="0" type="ASSERT" location="axi4lite_properties.sv:182.17-182.44" id="_witness_.check_assert_axi4lite_properties_sv_182_113">
<skipped />
</testcase>
<testcase classname="cover" name="Property ASSERT in axi4lite_formal/properties at axi4lite_properties.sv:190.21-190.37" time="0" type="ASSERT" location="axi4lite_properties.sv:190.21-190.37" id="_witness_.check_assert_axi4lite_properties_sv_190_115">
<skipped />
</testcase>
<testcase classname="cover" name="Property ASSERT in axi4lite_formal/properties at axi4lite_properties.sv:191.21-191.48" time="0" type="ASSERT" location="axi4lite_properties.sv:191.21-191.48" id="_witness_.check_assert_axi4lite_properties_sv_191_117">
<skipped />
</testcase>
<testcase classname="cover" name="Property ASSERT in axi4lite_formal/properties at axi4lite_properties.sv:196.21-196.36" time="0" type="ASSERT" location="axi4lite_properties.sv:196.21-196.36" id="_witness_.check_assert_axi4lite_properties_sv_196_119">
<skipped />
</testcase>
<testcase classname="cover" name="Property ASSERT in axi4lite_formal/properties at axi4lite_properties.sv:197.21-197.48" time="0" type="ASSERT" location="axi4lite_properties.sv:197.21-197.48" id="_witness_.check_assert_axi4lite_properties_sv_197_121">
<skipped />
</testcase>
<testcase classname="cover" name="Property ASSERT in axi4lite_formal/properties at axi4lite_properties.sv:204.17-204.43" time="0" type="ASSERT" location="axi4lite_properties.sv:204.17-204.43" id="_witness_.check_assert_axi4lite_properties_sv_204_123">
<skipped />
</testcase>
<testcase classname="cover" name="Property ASSERT in axi4lite_formal/properties at axi4lite_properties.sv:208.17-211.18" time="0" type="ASSERT" location="axi4lite_properties.sv:208.17-211.18" id="_witness_.check_assert_axi4lite_properties_sv_208_124">
<skipped />
</testcase>
<testcase classname="cover" name="Property ASSERT in axi4lite_formal/properties at axi4lite_properties.sv:223.21-223.46" time="0" type="ASSERT" location="axi4lite_properties.sv:223.21-223.46" id="_witness_.check_assert_axi4lite_properties_sv_223_128">
<skipped />
</testcase>
<testcase classname="cover" name="Property ASSERT in axi4lite_formal/properties at axi4lite_properties.sv:236.17-236.33" time="0" type="ASSERT" location="axi4lite_properties.sv:236.17-236.33" id="_witness_.check_assert_axi4lite_properties_sv_236_130">
<skipped />
</testcase>
<testcase classname="cover" name="Property ASSERT in axi4lite_formal/properties at axi4lite_properties.sv:244.17-244.42" time="0" type="ASSERT" location="axi4lite_properties.sv:244.17-244.42" id="_witness_.check_assert_axi4lite_properties_sv_244_132">
<skipped />
</testcase>
<testcase classname="cover" name="Property ASSERT in axi4lite_formal/properties at axi4lite_properties.sv:248.17-248.43" time="0" type="ASSERT" location="axi4lite_properties.sv:248.17-248.43" id="_witness_.check_assert_axi4lite_properties_sv_248_133">
<skipped />
</testcase>
<testcase classname="cover" name="Property ASSERT in axi4lite_formal/properties at axi4lite_properties.sv:254.17-254.42" time="0" type="ASSERT" location="axi4lite_properties.sv:254.17-254.42" id="_witness_.check_assert_axi4lite_properties_sv_254_135">
<skipped />
</testcase>
<testcase classname="cover" name="Property ASSERT in axi4lite_formal/properties at axi4lite_properties.sv:258.17-258.37" time="0" type="ASSERT" location="axi4lite_properties.sv:258.17-258.37" id="_witness_.check_assert_axi4lite_properties_sv_258_136">
<skipped />
</testcase>
<testcase classname="cover" name="Property ASSERT in axi4lite_formal/properties at axi4lite_properties.sv:262.17-265.18" time="0" type="ASSERT" location="axi4lite_properties.sv:262.17-265.18" id="_witness_.check_assert_axi4lite_properties_sv_262_137">
<skipped />
</testcase>
<testcase classname="cover" name="Property COVER in axi4lite_formal/properties at axi4lite_properties.sv:278.13-278.27" time="0" type="COVER" location="axi4lite_properties.sv:278.13-278.27" id="_witness_.check_cover_axi4lite_properties_sv_278_141" tracefile="engine_0/trace0.vcd">
</testcase>
<testcase classname="cover" name="Property COVER in axi4lite_formal/properties at axi4lite_properties.sv:279.13-279.26" time="0" type="COVER" location="axi4lite_properties.sv:279.13-279.26" id="_witness_.check_cover_axi4lite_properties_sv_279_142" tracefile="engine_0/trace0.vcd">
</testcase>
<testcase classname="cover" name="Property COVER in axi4lite_formal/properties at axi4lite_properties.sv:280.13-280.26" time="0" type="COVER" location="axi4lite_properties.sv:280.13-280.26" id="_witness_.check_cover_axi4lite_properties_sv_280_143" tracefile="engine_0/trace10.vcd">
</testcase>
<testcase classname="cover" name="Property COVER in axi4lite_formal/properties at axi4lite_properties.sv:281.13-281.27" time="0" type="COVER" location="axi4lite_properties.sv:281.13-281.27" id="_witness_.check_cover_axi4lite_properties_sv_281_144" tracefile="engine_0/trace0.vcd">
</testcase>
<testcase classname="cover" name="Property COVER in axi4lite_formal/properties at axi4lite_properties.sv:282.13-282.26" time="0" type="COVER" location="axi4lite_properties.sv:282.13-282.26" id="_witness_.check_cover_axi4lite_properties_sv_282_145" tracefile="engine_0/trace8.vcd">
</testcase>
<testcase classname="cover" name="Property COVER in axi4lite_formal/properties at axi4lite_properties.sv:285.13-285.51" time="0" type="COVER" location="axi4lite_properties.sv:285.13-285.51" id="_witness_.check_cover_axi4lite_properties_sv_285_146" tracefile="engine_0/trace7.vcd">
</testcase>
<testcase classname="cover" name="Property COVER in axi4lite_formal/properties at axi4lite_properties.sv:286.13-286.50" time="0" type="COVER" location="axi4lite_properties.sv:286.13-286.50" id="_witness_.check_cover_axi4lite_properties_sv_286_149" tracefile="engine_0/trace6.vcd">
</testcase>
<testcase classname="cover" name="Property COVER in axi4lite_formal/properties at axi4lite_properties.sv:287.13-287.50" time="0" type="COVER" location="axi4lite_properties.sv:287.13-287.50" id="_witness_.check_cover_axi4lite_properties_sv_287_152" tracefile="engine_0/trace11.vcd">
</testcase>
<testcase classname="cover" name="Property COVER in axi4lite_formal/properties at axi4lite_properties.sv:288.13-288.51" time="0" type="COVER" location="axi4lite_properties.sv:288.13-288.51" id="_witness_.check_cover_axi4lite_properties_sv_288_155" tracefile="engine_0/trace5.vcd">
</testcase>
<testcase classname="cover" name="Property COVER in axi4lite_formal/properties at axi4lite_properties.sv:289.13-289.50" time="0" type="COVER" location="axi4lite_properties.sv:289.13-289.50" id="_witness_.check_cover_axi4lite_properties_sv_289_158" tracefile="engine_0/trace4.vcd">
</testcase>
<testcase classname="cover" name="Property COVER in axi4lite_formal/properties at axi4lite_properties.sv:292.13-292.37" time="0" type="COVER" location="axi4lite_properties.sv:292.13-292.37" id="_witness_.check_cover_axi4lite_properties_sv_292_161" tracefile="engine_0/trace0.vcd">
</testcase>
<testcase classname="cover" name="Property COVER in axi4lite_formal/properties at axi4lite_properties.sv:293.13-293.37" time="0" type="COVER" location="axi4lite_properties.sv:293.13-293.37" id="_witness_.check_cover_axi4lite_properties_sv_293_163" tracefile="engine_0/trace3.vcd">
</testcase>
<testcase classname="cover" name="Property COVER in axi4lite_formal/properties at axi4lite_properties.sv:294.13-294.37" time="0" type="COVER" location="axi4lite_properties.sv:294.13-294.37" id="_witness_.check_cover_axi4lite_properties_sv_294_165" tracefile="engine_0/trace2.vcd">
</testcase>
<testcase classname="cover" name="Property COVER in axi4lite_formal/properties at axi4lite_properties.sv:297.13-301.14" time="0" type="COVER" location="axi4lite_properties.sv:297.13-301.14" id="_witness_.check_cover_axi4lite_properties_sv_297_167" tracefile="engine_0/trace1.vcd">
</testcase>
<testcase classname="cover" name="Property COVER in axi4lite_formal/properties at axi4lite_properties.sv:304.13-304.57" time="0" type="COVER" location="axi4lite_properties.sv:304.13-304.57" id="_witness_.check_cover_axi4lite_properties_sv_304_172" tracefile="engine_0/trace10.vcd">
</testcase>
<testcase classname="cover" name="Property COVER in axi4lite_formal/properties at axi4lite_properties.sv:305.13-305.57" time="0" type="COVER" location="axi4lite_properties.sv:305.13-305.57" id="_witness_.check_cover_axi4lite_properties_sv_305_175" tracefile="engine_0/trace9.vcd">
</testcase>
<system-out>SBY 17:19:13 [axi4lite_cover] Removing directory '/Users/harsha/Desktop/untitled folder 2/axi4lite-formal/formal/axi4lite_cover'.
SBY 17:19:13 [axi4lite_cover] Copy '/Users/harsha/Desktop/untitled folder 2/axi4lite-formal/formal/axi4lite_functional.sv' to '/Users/harsha/Desktop/untitled folder 2/axi4lite-formal/formal/axi4lite_cover/src/axi4lite_functional.sv'.
SBY 17:19:13 [axi4lite_cover] Copy '/Users/harsha/Desktop/untitled folder 2/axi4lite-formal/formal/../rtl/axi4lite_regs.sv' to '/Users/harsha/Desktop/untitled folder 2/axi4lite-formal/formal/axi4lite_cover/src/axi4lite_regs.sv'.
SBY 17:19:13 [axi4lite_cover] Copy '/Users/harsha/Desktop/untitled folder 2/axi4lite-formal/formal/axi4lite_properties.sv' to '/Users/harsha/Desktop/untitled folder 2/axi4lite-formal/formal/axi4lite_cover/src/axi4lite_properties.sv'.
SBY 17:19:13 [axi4lite_cover] Copy '/Users/harsha/Desktop/untitled folder 2/axi4lite-formal/formal/axi4lite_formal.sv' to '/Users/harsha/Desktop/untitled folder 2/axi4lite-formal/formal/axi4lite_cover/src/axi4lite_formal.sv'.
SBY 17:19:13 [axi4lite_cover] engine_0: smtbmc boolector
SBY 17:19:13 [axi4lite_cover] base: starting process &quot;cd axi4lite_cover/src; yosys -ql ../model/design.log ../model/design.ys&quot;
SBY 17:19:13 [axi4lite_cover] base: finished (returncode=0)
SBY 17:19:13 [axi4lite_cover] prep: starting process &quot;cd axi4lite_cover/model; yosys -ql design_prep.log design_prep.ys&quot;
SBY 17:19:13 [axi4lite_cover] prep: finished (returncode=0)
SBY 17:19:13 [axi4lite_cover] smt2: starting process &quot;cd axi4lite_cover/model; yosys -ql design_smt2.log design_smt2.ys&quot;
SBY 17:19:13 [axi4lite_cover] smt2: finished (returncode=0)
SBY 17:19:13 [axi4lite_cover] engine_0: starting process &quot;cd axi4lite_cover; yosys-smtbmc -s boolector --presat --unroll -c --noprogress -t 30  --append 0 --dump-vcd engine_0/trace%.vcd --dump-yw engine_0/trace%.yw --dump-vlogtb engine_0/trace%_tb.v --dump-smtc engine_0/trace%.smtc model/design_smt2.smt2&quot;
SBY 17:19:13 [axi4lite_cover] engine_0: ##   0:00:00  Solver: boolector
SBY 17:19:13 [axi4lite_cover] engine_0: ##   0:00:00  Checking cover reachability in step 0..
SBY 17:19:13 [axi4lite_cover] engine_0: ##   0:00:00  Checking cover reachability in step 1..
SBY 17:19:13 [axi4lite_cover] engine_0: ##   0:00:00  Checking cover reachability in step 2..
SBY 17:19:13 [axi4lite_cover] engine_0: ##   0:00:00  Checking cover reachability in step 3..
SBY 17:19:13 [axi4lite_cover] engine_0: ##   0:00:00  Reached cover statement in step 3 at axi4lite_formal: axi4lite_formal.sv:106.9-106.39 (_witness_.check_cover_axi4lite_formal_sv_106_35)
SBY 17:19:13 [axi4lite_cover] engine_0: ##   0:00:00  Reached cover statement in step 3 at axi4lite_formal.properties: axi4lite_properties.sv:278.13-278.27 (_witness_.check_cover_axi4lite_properties_sv_278_141)
SBY 17:19:13 [axi4lite_cover] engine_0: ##   0:00:00  Reached cover statement in step 3 at axi4lite_formal.properties: axi4lite_properties.sv:279.13-279.26 (_witness_.check_cover_axi4lite_properties_sv_279_142)
SBY 17:19:13 [axi4lite_cover] engine_0: ##   0:00:00  Reached cover statement in step 3 at axi4lite_formal.properties: axi4lite_properties.sv:281.13-281.27 (_witness_.check_cover_axi4lite_properties_sv_281_144)
SBY 17:19:13 [axi4lite_cover] engine_0: ##   0:00:00  Reached cover statement in step 3 at axi4lite_formal.properties: axi4lite_properties.sv:292.13-292.37 (_witness_.check_cover_axi4lite_properties_sv_292_161)
SBY 17:19:13 [axi4lite_cover] engine_0: ##   0:00:00  Writing trace to VCD file: engine_0/trace0.vcd
SBY 17:19:13 [axi4lite_cover] engine_0: ##   0:00:00  Writing trace to Verilog testbench: engine_0/trace0_tb.v
SBY 17:19:13 [axi4lite_cover] engine_0: ##   0:00:00  Writing trace to constraints file: engine_0/trace0.smtc
SBY 17:19:13 [axi4lite_cover] engine_0: ##   0:00:00  Writing trace to Yosys witness file: engine_0/trace0.yw
SBY 17:19:13 [axi4lite_cover] engine_0: ##   0:00:00  Checking cover reachability in step 3..
SBY 17:19:13 [axi4lite_cover] engine_0: ##   0:00:00  Reached cover statement in step 3 at axi4lite_formal.properties: axi4lite_properties.sv:297.13-301.14 (_witness_.check_cover_axi4lite_properties_sv_297_167)
SBY 17:19:13 [axi4lite_cover] engine_0: ##   0:00:00  Writing trace to VCD file: engine_0/trace1.vcd
SBY 17:19:13 [axi4lite_cover] engine_0: ##   0:00:00  Writing trace to Verilog testbench: engine_0/trace1_tb.v
SBY 17:19:13 [axi4lite_cover] engine_0: ##   0:00:00  Writing trace to constraints file: engine_0/trace1.smtc
SBY 17:19:13 [axi4lite_cover] engine_0: ##   0:00:00  Writing trace to Yosys witness file: engine_0/trace1.yw
SBY 17:19:13 [axi4lite_cover] engine_0: ##   0:00:00  Checking cover reachability in step 3..
SBY 17:19:13 [axi4lite_cover] engine_0: ##   0:00:00  Checking cover reachability in step 4..
SBY 17:19:13 [axi4lite_cover] engine_0: ##   0:00:00  Checking cover reachability in step 5..
SBY 17:19:13 [axi4lite_cover] engine_0: ##   0:00:00  Reached cover statement in step 5 at axi4lite_formal.properties: axi4lite_properties.sv:294.13-294.37 (_witness_.check_cover_axi4lite_properties_sv_294_165)
SBY 17:19:13 [axi4lite_cover] engine_0: ##   0:00:00  Writing trace to VCD file: engine_0/trace2.vcd
SBY 17:19:13 [axi4lite_cover] engine_0: ##   0:00:00  Writing trace to Verilog testbench: engine_0/trace2_tb.v
SBY 17:19:13 [axi4lite_cover] engine_0: ##   0:00:00  Writing trace to constraints file: engine_0/trace2.smtc
SBY 17:19:13 [axi4lite_cover] engine_0: ##   0:00:00  Writing trace to Yosys witness file: engine_0/trace2.yw
SBY 17:19:13 [axi4lite_cover] engine_0: ##   0:00:00  Checking cover reachability in step 5..
SBY 17:19:13 [axi4lite_cover] engine_0: ##   0:00:00  Reached cover statement in step 5 at axi4lite_formal.properties: axi4lite_properties.sv:293.13-293.37 (_witness_.check_cover_axi4lite_properties_sv_293_163)
SBY 17:19:13 [axi4lite_cover] engine_0: ##   0:00:00  Writing trace to VCD file: engine_0/trace3.vcd
SBY 17:19:13 [axi4lite_cover] engine_0: ##   0:00:00  Writing trace to Verilog testbench: engine_0/trace3_tb.v
SBY 17:19:13 [axi4lite_cover] engine_0: ##   0:00:00  Writing trace to constraints file: engine_0/trace3.smtc
SBY 17:19:13 [axi4lite_cover] engine_0: ##   0:00:00  Writing trace to Yosys witness file: engine_0/trace3.yw
SBY 17:19:13 [axi4lite_cover] engine_0: ##   0:00:00  Checking cover reachability in step 5..
SBY 17:19:13 [axi4lite_cover] engine_0: ##   0:00:00  Reached cover statement in step 5 at axi4lite_formal.properties: axi4lite_properties.sv:289.13-289.50 (_witness_.check_cover_axi4lite_properties_sv_289_158)
SBY 17:19:13 [axi4lite_cover] engine_0: ##   0:00:00  Writing trace to VCD file: engine_0/trace4.vcd
SBY 17:19:13 [axi4lite_cover] engine_0: ##   0:00:00  Writing trace to Verilog testbench: engine_0/trace4_tb.v
SBY 17:19:13 [axi4lite_cover] engine_0: ##   0:00:00  Writing trace to constraints file: engine_0/trace4.smtc
SBY 17:19:13 [axi4lite_cover] engine_0: ##   0:00:00  Writing trace to Yosys witness file: engine_0/trace4.yw
SBY 17:19:13 [axi4lite_cover] engine_0: ##   0:00:00  Checking cover reachability in step 5..
SBY 17:19:13 [axi4lite_cover] engine_0: ##   0:00:00  Reached cover statement in step 5 at axi4lite_formal.properties: axi4lite_properties.sv:288.13-288.51 (_witness_.check_cover_axi4lite_properties_sv_288_155)
SBY 17:19:13 [axi4lite_cover] engine_0: ##   0:00:00  Writing trace to VCD file: engine_0/trace5.vcd
SBY 17:19:13 [axi4lite_cover] engine_0: ##   0:00:00  Writing trace to Verilog testbench: engine_0/trace5_tb.v
SBY 17:19:13 [axi4lite_cover] engine_0: ##   0:00:00  Writing trace to constraints file: engine_0/trace5.smtc
SBY 17:19:13 [axi4lite_cover] engine_0: ##   0:00:00  Writing trace to Yosys witness file: engine_0/trace5.yw
SBY 17:19:13 [axi4lite_cover] engine_0: ##   0:00:00  Checking cover reachability in step 5..
SBY 17:19:13 [axi4lite_cover] engine_0: ##   0:00:00  Reached cover statement in step 5 at axi4lite_formal.properties: axi4lite_properties.sv:286.13-286.50 (_witness_.check_cover_axi4lite_properties_sv_286_149)
SBY 17:19:13 [axi4lite_cover] engine_0: ##   0:00:00  Writing trace to VCD file: engine_0/trace6.vcd
SBY 17:19:13 [axi4lite_cover] engine_0: ##   0:00:00  Writing trace to Verilog testbench: engine_0/trace6_tb.v
SBY 17:19:13 [axi4lite_cover] engine_0: ##   0:00:00  Writing trace to constraints file: engine_0/trace6.smtc
SBY 17:19:13 [axi4lite_cover] engine_0: ##   0:00:00  Writing trace to Yosys witness file: engine_0/trace6.yw
SBY 17:19:13 [axi4lite_cover] engine_0: ##   0:00:00  Checking cover reachability in step 5..
SBY 17:19:13 [axi4lite_cover] engine_0: ##   0:00:00  Reached cover statement in step 5 at axi4lite_formal.properties: axi4lite_properties.sv:285.13-285.51 (_witness_.check_cover_axi4lite_properties_sv_285_146)
SBY 17:19:13 [axi4lite_cover] engine_0: ##   0:00:00  Writing trace to VCD file: engine_0/trace7.vcd
SBY 17:19:13 [axi4lite_cover] engine_0: ##   0:00:00  Writing trace to Verilog testbench: engine_0/trace7_tb.v
SBY 17:19:13 [axi4lite_cover] engine_0: ##   0:00:00  Writing trace to constraints file: engine_0/trace7.smtc
SBY 17:19:13 [axi4lite_cover] engine_0: ##   0:00:00  Writing trace to Yosys witness file: engine_0/trace7.yw
SBY 17:19:13 [axi4lite_cover] engine_0: ##   0:00:00  Checking cover reachability in step 5..
SBY 17:19:13 [axi4lite_cover] engine_0: ##   0:00:00  Reached cover statement in step 5 at axi4lite_formal.properties: axi4lite_properties.sv:282.13-282.26 (_witness_.check_cover_axi4lite_properties_sv_282_145)
SBY 17:19:13 [axi4lite_cover] engine_0: ##   0:00:00  Writing trace to VCD file: engine_0/trace8.vcd
SBY 17:19:13 [axi4lite_cover] engine_0: ##   0:00:00  Writing trace to Verilog testbench: engine_0/trace8_tb.v
SBY 17:19:13 [axi4lite_cover] engine_0: ##   0:00:00  Writing trace to constraints file: engine_0/trace8.smtc
SBY 17:19:13 [axi4lite_cover] engine_0: ##   0:00:00  Writing trace to Yosys witness file: engine_0/trace8.yw
SBY 17:19:13 [axi4lite_cover] engine_0: ##   0:00:00  Checking cover reachability in step 5..
SBY 17:19:13 [axi4lite_cover] engine_0: ##   0:00:00  Reached cover statement in step 5 at axi4lite_formal.properties: axi4lite_properties.sv:305.13-305.57 (_witness_.check_cover_axi4lite_properties_sv_305_175)
SBY 17:19:13 [axi4lite_cover] engine_0: ##   0:00:00  Writing trace to VCD file: engine_0/trace9.vcd
SBY 17:19:13 [axi4lite_cover] engine_0: ##   0:00:00  Writing trace to Verilog testbench: engine_0/trace9_tb.v
SBY 17:19:13 [axi4lite_cover] engine_0: ##   0:00:00  Writing trace to constraints file: engine_0/trace9.smtc
SBY 17:19:13 [axi4lite_cover] engine_0: ##   0:00:00  Writing trace to Yosys witness file: engine_0/trace9.yw
SBY 17:19:13 [axi4lite_cover] engine_0: ##   0:00:00  Checking cover reachability in step 5..
SBY 17:19:13 [axi4lite_cover] engine_0: ##   0:00:00  Checking cover reachability in step 6..
SBY 17:19:13 [axi4lite_cover] engine_0: ##   0:00:00  Checking cover reachability in step 7..
SBY 17:19:13 [axi4lite_cover] engine_0: ##   0:00:00  Reached cover statement in step 7 at axi4lite_formal.properties: axi4lite_properties.sv:280.13-280.26 (_witness_.check_cover_axi4lite_properties_sv_280_143)
SBY 17:19:13 [axi4lite_cover] engine_0: ##   0:00:00  Reached cover statement in step 7 at axi4lite_formal.properties: axi4lite_properties.sv:304.13-304.57 (_witness_.check_cover_axi4lite_properties_sv_304_172)
SBY 17:19:13 [axi4lite_cover] engine_0: ##   0:00:00  Writing trace to VCD file: engine_0/trace10.vcd
SBY 17:19:13 [axi4lite_cover] engine_0: ##   0:00:00  Writing trace to Verilog testbench: engine_0/trace10_tb.v
SBY 17:19:13 [axi4lite_cover] engine_0: ##   0:00:00  Writing trace to constraints file: engine_0/trace10.smtc
SBY 17:19:13 [axi4lite_cover] engine_0: ##   0:00:00  Writing trace to Yosys witness file: engine_0/trace10.yw
SBY 17:19:13 [axi4lite_cover] engine_0: ##   0:00:00  Checking cover reachability in step 7..
SBY 17:19:13 [axi4lite_cover] engine_0: ##   0:00:00  Reached cover statement in step 7 at axi4lite_formal.properties: axi4lite_properties.sv:287.13-287.50 (_witness_.check_cover_axi4lite_properties_sv_287_152)
SBY 17:19:13 [axi4lite_cover] engine_0: ##   0:00:00  Writing trace to VCD file: engine_0/trace11.vcd
SBY 17:19:13 [axi4lite_cover] engine_0: ##   0:00:00  Writing trace to Verilog testbench: engine_0/trace11_tb.v
SBY 17:19:13 [axi4lite_cover] engine_0: ##   0:00:00  Writing trace to constraints file: engine_0/trace11.smtc
SBY 17:19:13 [axi4lite_cover] engine_0: ##   0:00:00  Writing trace to Yosys witness file: engine_0/trace11.yw
SBY 17:19:13 [axi4lite_cover] engine_0: ##   0:00:00  Status: passed
SBY 17:19:13 [axi4lite_cover] engine_0: finished (returncode=0)
SBY 17:19:13 [axi4lite_cover] engine_0: Status returned by engine: pass
SBY 17:19:13 [axi4lite_cover] summary: Elapsed clock time [H:MM:SS (secs)]: 0:00:00 (0)
SBY 17:19:13 [axi4lite_cover] summary: Elapsed process time [H:MM:SS (secs)]: 0:00:00 (0)
SBY 17:19:13 [axi4lite_cover] summary: engine_0 (smtbmc boolector) returned pass
SBY 17:19:13 [axi4lite_cover] summary: cover trace: axi4lite_cover/engine_0/trace0.vcd
SBY 17:19:13 [axi4lite_cover] summary:   reached cover statement axi4lite_formal._witness_.check_cover_axi4lite_formal_sv_106_35 at axi4lite_formal.sv:106.9-106.39 step 3
SBY 17:19:13 [axi4lite_cover] summary:   reached cover statement axi4lite_formal.properties._witness_.check_cover_axi4lite_properties_sv_278_141 at axi4lite_properties.sv:278.13-278.27 step 3
SBY 17:19:13 [axi4lite_cover] summary:   reached cover statement axi4lite_formal.properties._witness_.check_cover_axi4lite_properties_sv_279_142 at axi4lite_properties.sv:279.13-279.26 step 3
SBY 17:19:13 [axi4lite_cover] summary:   reached cover statement axi4lite_formal.properties._witness_.check_cover_axi4lite_properties_sv_281_144 at axi4lite_properties.sv:281.13-281.27 step 3
SBY 17:19:13 [axi4lite_cover] summary:   reached cover statement axi4lite_formal.properties._witness_.check_cover_axi4lite_properties_sv_292_161 at axi4lite_properties.sv:292.13-292.37 step 3
SBY 17:19:13 [axi4lite_cover] summary: cover trace: axi4lite_cover/engine_0/trace1.vcd
SBY 17:19:13 [axi4lite_cover] summary:   reached cover statement axi4lite_formal.properties._witness_.check_cover_axi4lite_properties_sv_297_167 at axi4lite_properties.sv:297.13-301.14 step 3
SBY 17:19:13 [axi4lite_cover] summary: cover trace: axi4lite_cover/engine_0/trace10.vcd
SBY 17:19:13 [axi4lite_cover] summary:   reached cover statement axi4lite_formal.properties._witness_.check_cover_axi4lite_properties_sv_280_143 at axi4lite_properties.sv:280.13-280.26 step 7
SBY 17:19:13 [axi4lite_cover] summary:   reached cover statement axi4lite_formal.properties._witness_.check_cover_axi4lite_properties_sv_304_172 at axi4lite_properties.sv:304.13-304.57 step 7
SBY 17:19:13 [axi4lite_cover] summary: cover trace: axi4lite_cover/engine_0/trace11.vcd
SBY 17:19:13 [axi4lite_cover] summary:   reached cover statement axi4lite_formal.properties._witness_.check_cover_axi4lite_properties_sv_287_152 at axi4lite_properties.sv:287.13-287.50 step 7
SBY 17:19:13 [axi4lite_cover] summary: cover trace: axi4lite_cover/engine_0/trace2.vcd
SBY 17:19:13 [axi4lite_cover] summary:   reached cover statement axi4lite_formal.properties._witness_.check_cover_axi4lite_properties_sv_294_165 at axi4lite_properties.sv:294.13-294.37 step 5
SBY 17:19:13 [axi4lite_cover] summary: and 7 further traces
SBY 17:19:13 [axi4lite_cover] summary: see axi4lite_cover/PASS for a complete summary
SBY 17:19:13 [axi4lite_cover] DONE (PASS, rc=0)
</system-out>
<system-err>
</system-err>
</testsuite>
</testsuites>
